0 verbose cli /usr/local/bin/node /usr/local/bin/npm
1 info using npm@11.6.1
2 info using node@v24.11.0
3 silly config load:file:/usr/local/lib/node_modules/npm/npmrc
4 silly config load:file:/Users/martinbanaria/sunshareproject/sunshareenergyph/.npmrc
5 silly config load:file:/Users/martinbanaria/.npmrc
6 silly config load:file:/usr/local/etc/npmrc
7 verbose title npm install framer-motion lucide-react
8 verbose argv "install" "framer-motion" "lucide-react"
9 verbose logfile logs-max:10 dir:/Users/martinbanaria/sunshareproject/sunshareenergyph/.npm-cache/_logs/2026-01-13T14_05_59_071Z-
10 verbose logfile /Users/martinbanaria/sunshareproject/sunshareenergyph/.npm-cache/_logs/2026-01-13T14_05_59_071Z-debug-0.log
11 silly logfile done cleaning log files
12 silly packumentCache heap:2348810240 maxSize:587202560 maxEntrySize:293601280
13 silly idealTree buildDeps
14 silly fetch manifest framer-motion@*
15 silly packumentCache full:https://registry.npmjs.org/framer-motion cache-miss
16 http fetch GET 200 https://registry.npmjs.org/framer-motion 812ms (cache miss)
17 silly packumentCache full:https://registry.npmjs.org/framer-motion set size:undefined disposed:false
18 silly fetch manifest @emotion/is-prop-valid@*
19 silly packumentCache full:https://registry.npmjs.org/@emotion%2fis-prop-valid cache-miss
20 http fetch GET 200 https://registry.npmjs.org/@emotion%2fis-prop-valid 104ms (cache miss)
21 silly packumentCache full:https://registry.npmjs.org/@emotion%2fis-prop-valid set size:undefined disposed:false
22 silly fetch manifest react@19.2.3
23 silly packumentCache full:https://registry.npmjs.org/react cache-miss
24 http cache https://registry.npmjs.org/react 14ms (cache hit)
25 silly packumentCache full:https://registry.npmjs.org/react set size:6370533 disposed:false
26 silly fetch manifest react-dom@19.2.3
27 silly packumentCache full:https://registry.npmjs.org/react-dom cache-miss
28 http cache https://registry.npmjs.org/react-dom 16ms (cache hit)
29 silly packumentCache full:https://registry.npmjs.org/react-dom set size:8388821 disposed:false
30 silly fetch manifest lucide-react@*
31 silly packumentCache full:https://registry.npmjs.org/lucide-react cache-miss
32 http fetch GET 200 https://registry.npmjs.org/lucide-react 139ms (cache miss)
33 silly packumentCache full:https://registry.npmjs.org/lucide-react set size:undefined disposed:false
34 silly placeDep ROOT framer-motion@12.26.2 OK for: sunshareenergyph@0.1.0 want: *
35 silly placeDep ROOT lucide-react@0.562.0 OK for: sunshareenergyph@0.1.0 want: *
36 silly fetch manifest motion-dom@^12.26.2
37 silly packumentCache full:https://registry.npmjs.org/motion-dom cache-miss
38 silly fetch manifest motion-utils@^12.24.10
39 silly packumentCache full:https://registry.npmjs.org/motion-utils cache-miss
40 http fetch GET 200 https://registry.npmjs.org/motion-dom 84ms (cache miss)
41 silly packumentCache full:https://registry.npmjs.org/motion-dom set size:undefined disposed:false
42 http fetch GET 200 https://registry.npmjs.org/motion-utils 256ms (cache miss)
43 silly packumentCache full:https://registry.npmjs.org/motion-utils set size:undefined disposed:false
44 silly placeDep ROOT motion-dom@12.26.2 OK for: framer-motion@12.26.2 want: ^12.26.2
45 silly placeDep ROOT motion-utils@12.24.10 OK for: framer-motion@12.26.2 want: ^12.24.10
46 silly reify moves {}
47 silly audit bulk request {
47 silly audit   '@alloc/quick-lru': [ '5.2.0' ],
47 silly audit   '@babel/code-frame': [ '7.28.6' ],
47 silly audit   '@babel/compat-data': [ '7.28.6' ],
47 silly audit   '@babel/core': [ '7.28.6' ],
47 silly audit   '@babel/generator': [ '7.28.6' ],
47 silly audit   '@babel/helper-compilation-targets': [ '7.28.6' ],
47 silly audit   '@babel/helper-globals': [ '7.28.0' ],
47 silly audit   '@babel/helper-module-imports': [ '7.28.6' ],
47 silly audit   '@babel/helper-module-transforms': [ '7.28.6' ],
47 silly audit   '@babel/helper-string-parser': [ '7.27.1' ],
47 silly audit   '@babel/helper-validator-identifier': [ '7.28.5' ],
47 silly audit   '@babel/helper-validator-option': [ '7.27.1' ],
47 silly audit   '@babel/helpers': [ '7.28.6' ],
47 silly audit   '@babel/parser': [ '7.28.6' ],
47 silly audit   '@babel/template': [ '7.28.6' ],
47 silly audit   '@babel/traverse': [ '7.28.6' ],
47 silly audit   '@babel/types': [ '7.28.6' ],
47 silly audit   '@emnapi/core': [ '1.8.1' ],
47 silly audit   '@emnapi/runtime': [ '1.8.1' ],
47 silly audit   '@emnapi/wasi-threads': [ '1.1.0' ],
47 silly audit   '@eslint-community/eslint-utils': [ '4.9.1' ],
47 silly audit   'eslint-visitor-keys': [ '3.4.3', '4.2.1' ],
47 silly audit   '@eslint-community/regexpp': [ '4.12.2' ],
47 silly audit   '@eslint/config-array': [ '0.21.1' ],
47 silly audit   '@eslint/config-helpers': [ '0.4.2' ],
47 silly audit   '@eslint/core': [ '0.17.0' ],
47 silly audit   '@eslint/eslintrc': [ '3.3.3' ],
47 silly audit   '@eslint/js': [ '9.39.2' ],
47 silly audit   '@eslint/object-schema': [ '2.1.7' ],
47 silly audit   '@eslint/plugin-kit': [ '0.4.1' ],
47 silly audit   '@humanfs/core': [ '0.19.1' ],
47 silly audit   '@humanfs/node': [ '0.16.7' ],
47 silly audit   '@humanwhocodes/module-importer': [ '1.0.1' ],
47 silly audit   '@humanwhocodes/retry': [ '0.4.3' ],
47 silly audit   '@img/colour': [ '1.0.0' ],
47 silly audit   '@img/sharp-darwin-arm64': [ '0.34.5' ],
47 silly audit   '@img/sharp-darwin-x64': [ '0.34.5' ],
47 silly audit   '@img/sharp-libvips-darwin-arm64': [ '1.2.4' ],
47 silly audit   '@img/sharp-libvips-darwin-x64': [ '1.2.4' ],
47 silly audit   '@img/sharp-libvips-linux-arm': [ '1.2.4' ],
47 silly audit   '@img/sharp-libvips-linux-arm64': [ '1.2.4' ],
47 silly audit   '@img/sharp-libvips-linux-ppc64': [ '1.2.4' ],
47 silly audit   '@img/sharp-libvips-linux-riscv64': [ '1.2.4' ],
47 silly audit   '@img/sharp-libvips-linux-s390x': [ '1.2.4' ],
47 silly audit   '@img/sharp-libvips-linux-x64': [ '1.2.4' ],
47 silly audit   '@img/sharp-libvips-linuxmusl-arm64': [ '1.2.4' ],
47 silly audit   '@img/sharp-libvips-linuxmusl-x64': [ '1.2.4' ],
47 silly audit   '@img/sharp-linux-arm': [ '0.34.5' ],
47 silly audit   '@img/sharp-linux-arm64': [ '0.34.5' ],
47 silly audit   '@img/sharp-linux-ppc64': [ '0.34.5' ],
47 silly audit   '@img/sharp-linux-riscv64': [ '0.34.5' ],
47 silly audit   '@img/sharp-linux-s390x': [ '0.34.5' ],
47 silly audit   '@img/sharp-linux-x64': [ '0.34.5' ],
47 silly audit   '@img/sharp-linuxmusl-arm64': [ '0.34.5' ],
47 silly audit   '@img/sharp-linuxmusl-x64': [ '0.34.5' ],
47 silly audit   '@img/sharp-wasm32': [ '0.34.5' ],
47 silly audit   '@img/sharp-win32-arm64': [ '0.34.5' ],
47 silly audit   '@img/sharp-win32-ia32': [ '0.34.5' ],
47 silly audit   '@img/sharp-win32-x64': [ '0.34.5' ],
47 silly audit   '@jridgewell/gen-mapping': [ '0.3.13' ],
47 silly audit   '@jridgewell/remapping': [ '2.3.5' ],
47 silly audit   '@jridgewell/resolve-uri': [ '3.1.2' ],
47 silly audit   '@jridgewell/sourcemap-codec': [ '1.5.5' ],
47 silly audit   '@jridgewell/trace-mapping': [ '0.3.31' ],
47 silly audit   '@napi-rs/wasm-runtime': [ '0.2.12' ],
47 silly audit   '@next/env': [ '16.1.1' ],
47 silly audit   '@next/eslint-plugin-next': [ '16.1.1' ],
47 silly audit   '@next/swc-darwin-arm64': [ '16.1.1' ],
47 silly audit   '@next/swc-darwin-x64': [ '16.1.1' ],
47 silly audit   '@next/swc-linux-arm64-gnu': [ '16.1.1' ],
47 silly audit   '@next/swc-linux-arm64-musl': [ '16.1.1' ],
47 silly audit   '@next/swc-linux-x64-gnu': [ '16.1.1' ],
47 silly audit   '@next/swc-linux-x64-musl': [ '16.1.1' ],
47 silly audit   '@next/swc-win32-arm64-msvc': [ '16.1.1' ],
47 silly audit   '@next/swc-win32-x64-msvc': [ '16.1.1' ],
47 silly audit   '@nodelib/fs.scandir': [ '2.1.5' ],
47 silly audit   '@nodelib/fs.stat': [ '2.0.5' ],
47 silly audit   '@nodelib/fs.walk': [ '1.2.8' ],
47 silly audit   '@nolyfill/is-core-module': [ '1.0.39' ],
47 silly audit   '@rtsao/scc': [ '1.1.0' ],
47 silly audit   '@swc/helpers': [ '0.5.15' ],
47 silly audit   '@tailwindcss/node': [ '4.1.18' ],
47 silly audit   '@tailwindcss/oxide': [ '4.1.18' ],
47 silly audit   '@tailwindcss/oxide-android-arm64': [ '4.1.18' ],
47 silly audit   '@tailwindcss/oxide-darwin-arm64': [ '4.1.18' ],
47 silly audit   '@tailwindcss/oxide-darwin-x64': [ '4.1.18' ],
47 silly audit   '@tailwindcss/oxide-freebsd-x64': [ '4.1.18' ],
47 silly audit   '@tailwindcss/oxide-linux-arm-gnueabihf': [ '4.1.18' ],
47 silly audit   '@tailwindcss/oxide-linux-arm64-gnu': [ '4.1.18' ],
47 silly audit   '@tailwindcss/oxide-linux-arm64-musl': [ '4.1.18' ],
47 silly audit   '@tailwindcss/oxide-linux-x64-gnu': [ '4.1.18' ],
47 silly audit   '@tailwindcss/oxide-linux-x64-musl': [ '4.1.18' ],
47 silly audit   '@tailwindcss/oxide-wasm32-wasi': [ '4.1.18' ],
47 silly audit   '@tailwindcss/oxide-win32-arm64-msvc': [ '4.1.18' ],
47 silly audit   '@tailwindcss/oxide-win32-x64-msvc': [ '4.1.18' ],
47 silly audit   '@tailwindcss/postcss': [ '4.1.18' ],
47 silly audit   '@tybys/wasm-util': [ '0.10.1' ],
47 silly audit   '@types/estree': [ '1.0.8' ],
47 silly audit   '@types/json-schema': [ '7.0.15' ],
47 silly audit   '@types/json5': [ '0.0.29' ],
47 silly audit   '@types/node': [ '20.19.28' ],
47 silly audit   '@types/react': [ '19.2.8' ],
47 silly audit   '@types/react-dom': [ '19.2.3' ],
47 silly audit   '@typescript-eslint/eslint-plugin': [ '8.53.0' ],
47 silly audit   ignore: [ '7.0.5', '5.3.2' ],
47 silly audit   '@typescript-eslint/parser': [ '8.53.0' ],
47 silly audit   '@typescript-eslint/project-service': [ '8.53.0' ],
47 silly audit   '@typescript-eslint/scope-manager': [ '8.53.0' ],
47 silly audit   '@typescript-eslint/tsconfig-utils': [ '8.53.0' ],
47 silly audit   '@typescript-eslint/type-utils': [ '8.53.0' ],
47 silly audit   '@typescript-eslint/types': [ '8.53.0' ],
47 silly audit   '@typescript-eslint/typescript-estree': [ '8.53.0' ],
47 silly audit   'brace-expansion': [ '2.0.2', '1.1.12' ],
47 silly audit   minimatch: [ '9.0.5', '3.1.2' ],
47 silly audit   semver: [ '7.7.3', '6.3.1' ],
47 silly audit   '@typescript-eslint/utils': [ '8.53.0' ],
47 silly audit   '@typescript-eslint/visitor-keys': [ '8.53.0' ],
47 silly audit   '@unrs/resolver-binding-android-arm-eabi': [ '1.11.1' ],
47 silly audit   '@unrs/resolver-binding-android-arm64': [ '1.11.1' ],
47 silly audit   '@unrs/resolver-binding-darwin-arm64': [ '1.11.1' ],
47 silly audit   '@unrs/resolver-binding-darwin-x64': [ '1.11.1' ],
47 silly audit   '@unrs/resolver-binding-freebsd-x64': [ '1.11.1' ],
47 silly audit   '@unrs/resolver-binding-linux-arm-gnueabihf': [ '1.11.1' ],
47 silly audit   '@unrs/resolver-binding-linux-arm-musleabihf': [ '1.11.1' ],
47 silly audit   '@unrs/resolver-binding-linux-arm64-gnu': [ '1.11.1' ],
47 silly audit   '@unrs/resolver-binding-linux-arm64-musl': [ '1.11.1' ],
47 silly audit   '@unrs/resolver-binding-linux-ppc64-gnu': [ '1.11.1' ],
47 silly audit   '@unrs/resolver-binding-linux-riscv64-gnu': [ '1.11.1' ],
47 silly audit   '@unrs/resolver-binding-linux-riscv64-musl': [ '1.11.1' ],
47 silly audit   '@unrs/resolver-binding-linux-s390x-gnu': [ '1.11.1' ],
47 silly audit   '@unrs/resolver-binding-linux-x64-gnu': [ '1.11.1' ],
47 silly audit   '@unrs/resolver-binding-linux-x64-musl': [ '1.11.1' ],
47 silly audit   '@unrs/resolver-binding-wasm32-wasi': [ '1.11.1' ],
47 silly audit   '@unrs/resolver-binding-win32-arm64-msvc': [ '1.11.1' ],
47 silly audit   '@unrs/resolver-binding-win32-ia32-msvc': [ '1.11.1' ],
47 silly audit   '@unrs/resolver-binding-win32-x64-msvc': [ '1.11.1' ],
47 silly audit   acorn: [ '8.15.0' ],
47 silly audit   'acorn-jsx': [ '5.3.2' ],
47 silly audit   ajv: [ '6.12.6' ],
47 silly audit   'ansi-styles': [ '4.3.0' ],
47 silly audit   argparse: [ '2.0.1' ],
47 silly audit   'aria-query': [ '5.3.2' ],
47 silly audit   'array-buffer-byte-length': [ '1.0.2' ],
47 silly audit   'array-includes': [ '3.1.9' ],
47 silly audit   'array.prototype.findlast': [ '1.2.5' ],
47 silly audit   'array.prototype.findlastindex': [ '1.2.6' ],
47 silly audit   'array.prototype.flat': [ '1.3.3' ],
47 silly audit   'array.prototype.flatmap': [ '1.3.3' ],
47 silly audit   'array.prototype.tosorted': [ '1.1.4' ],
47 silly audit   'arraybuffer.prototype.slice': [ '1.0.4' ],
47 silly audit   'ast-types-flow': [ '0.0.8' ],
47 silly audit   'async-function': [ '1.0.0' ],
47 silly audit   'available-typed-arrays': [ '1.0.7' ],
47 silly audit   'axe-core': [ '4.11.1' ],
47 silly audit   'axobject-query': [ '4.1.0' ],
47 silly audit   'babel-plugin-react-compiler': [ '1.0.0' ],
47 silly audit   'balanced-match': [ '1.0.2' ],
47 silly audit   'baseline-browser-mapping': [ '2.9.14' ],
47 silly audit   braces: [ '3.0.3' ],
47 silly audit   browserslist: [ '4.28.1' ],
47 silly audit   'call-bind': [ '1.0.8' ],
47 silly audit   'call-bind-apply-helpers': [ '1.0.2' ],
47 silly audit   'call-bound': [ '1.0.4' ],
47 silly audit   callsites: [ '3.1.0' ],
47 silly audit   'caniuse-lite': [ '1.0.30001764' ],
47 silly audit   chalk: [ '4.1.2' ],
47 silly audit   'client-only': [ '0.0.1' ],
47 silly audit   'color-convert': [ '2.0.1' ],
47 silly audit   'color-name': [ '1.1.4' ],
47 silly audit   'concat-map': [ '0.0.1' ],
47 silly audit   'convert-source-map': [ '2.0.0' ],
47 silly audit   'cross-spawn': [ '7.0.6' ],
47 silly audit   csstype: [ '3.2.3' ],
47 silly audit   'damerau-levenshtein': [ '1.0.8' ],
47 silly audit   'data-view-buffer': [ '1.0.2' ],
47 silly audit   'data-view-byte-length': [ '1.0.2' ],
47 silly audit   'data-view-byte-offset': [ '1.0.1' ],
47 silly audit   debug: [ '4.4.3', '3.2.7' ],
47 silly audit   'deep-is': [ '0.1.4' ],
47 silly audit   'define-data-property': [ '1.1.4' ],
47 silly audit   'define-properties': [ '1.2.1' ],
47 silly audit   'detect-libc': [ '2.1.2' ],
47 silly audit   doctrine: [ '2.1.0' ],
47 silly audit   'dunder-proto': [ '1.0.1' ],
47 silly audit   'electron-to-chromium': [ '1.5.267' ],
47 silly audit   'emoji-regex': [ '9.2.2' ],
47 silly audit   'enhanced-resolve': [ '5.18.4' ],
47 silly audit   'es-abstract': [ '1.24.1' ],
47 silly audit   'es-define-property': [ '1.0.1' ],
47 silly audit   'es-errors': [ '1.3.0' ],
47 silly audit   'es-iterator-helpers': [ '1.2.2' ],
47 silly audit   'es-object-atoms': [ '1.1.1' ],
47 silly audit   'es-set-tostringtag': [ '2.1.0' ],
47 silly audit   'es-shim-unscopables': [ '1.1.0' ],
47 silly audit   'es-to-primitive': [ '1.3.0' ],
47 silly audit   escalade: [ '3.2.0' ],
47 silly audit   'escape-string-regexp': [ '4.0.0' ],
47 silly audit   eslint: [ '9.39.2' ],
47 silly audit   'eslint-config-next': [ '16.1.1' ],
47 silly audit   globals: [ '16.4.0', '14.0.0' ],
47 silly audit   'eslint-import-resolver-node': [ '0.3.9' ],
47 silly audit   'eslint-import-resolver-typescript': [ '3.10.1' ],
47 silly audit   'eslint-module-utils': [ '2.12.1' ],
47 silly audit   'eslint-plugin-import': [ '2.32.0' ],
47 silly audit   'eslint-plugin-jsx-a11y': [ '6.10.2' ],
47 silly audit   'eslint-plugin-react': [ '7.37.5' ],
47 silly audit   'eslint-plugin-react-hooks': [ '7.0.1' ],
47 silly audit   resolve: [ '2.0.0-next.5', '1.22.11' ],
47 silly audit   'eslint-scope': [ '8.4.0' ],
47 silly audit   espree: [ '10.4.0' ],
47 silly audit   esquery: [ '1.7.0' ],
47 silly audit   esrecurse: [ '4.3.0' ],
47 silly audit   estraverse: [ '5.3.0' ],
47 silly audit   esutils: [ '2.0.3' ],
47 silly audit   'fast-deep-equal': [ '3.1.3' ],
47 silly audit   'fast-glob': [ '3.3.1' ],
47 silly audit   'glob-parent': [ '5.1.2', '6.0.2' ],
47 silly audit   'fast-json-stable-stringify': [ '2.1.0' ],
47 silly audit   'fast-levenshtein': [ '2.0.6' ],
47 silly audit   fastq: [ '1.20.1' ],
47 silly audit   'file-entry-cache': [ '8.0.0' ],
47 silly audit   'fill-range': [ '7.1.1' ],
47 silly audit   'find-up': [ '5.0.0' ],
47 silly audit   'flat-cache': [ '4.0.1' ],
47 silly audit   flatted: [ '3.3.3' ],
47 silly audit   'for-each': [ '0.3.5' ],
47 silly audit   'function-bind': [ '1.1.2' ],
47 silly audit   'function.prototype.name': [ '1.1.8' ],
47 silly audit   'functions-have-names': [ '1.2.3' ],
47 silly audit   'generator-function': [ '2.0.1' ],
47 silly audit   gensync: [ '1.0.0-beta.2' ],
47 silly audit   'get-intrinsic': [ '1.3.0' ],
47 silly audit   'get-proto': [ '1.0.1' ],
47 silly audit   'get-symbol-description': [ '1.1.0' ],
47 silly audit   'get-tsconfig': [ '4.13.0' ],
47 silly audit   globalthis: [ '1.0.4' ],
47 silly audit   gopd: [ '1.2.0' ],
47 silly audit   'graceful-fs': [ '4.2.11' ],
47 silly audit   'has-bigints': [ '1.1.0' ],
47 silly audit   'has-flag': [ '4.0.0' ],
47 silly audit   'has-property-descriptors': [ '1.0.2' ],
47 silly audit   'has-proto': [ '1.2.0' ],
47 silly audit   'has-symbols': [ '1.1.0' ],
47 silly audit   'has-tostringtag': [ '1.0.2' ],
47 silly audit   hasown: [ '2.0.2' ],
47 silly audit   'hermes-estree': [ '0.25.1' ],
47 silly audit   'hermes-parser': [ '0.25.1' ],
47 silly audit   'import-fresh': [ '3.3.1' ],
47 silly audit   imurmurhash: [ '0.1.4' ],
47 silly audit   'internal-slot': [ '1.1.0' ],
47 silly audit   'is-array-buffer': [ '3.0.5' ],
47 silly audit   'is-async-function': [ '2.1.1' ],
47 silly audit   'is-bigint': [ '1.1.0' ],
47 silly audit   'is-boolean-object': [ '1.2.2' ],
47 silly audit   'is-bun-module': [ '2.0.0' ],
47 silly audit   'is-callable': [ '1.2.7' ],
47 silly audit   'is-core-module': [ '2.16.1' ],
47 silly audit   'is-data-view': [ '1.0.2' ],
47 silly audit   'is-date-object': [ '1.1.0' ],
47 silly audit   'is-extglob': [ '2.1.1' ],
47 silly audit   'is-finalizationregistry': [ '1.1.1' ],
47 silly audit   'is-generator-function': [ '1.1.2' ],
47 silly audit   'is-glob': [ '4.0.3' ],
47 silly audit   'is-map': [ '2.0.3' ],
47 silly audit   'is-negative-zero': [ '2.0.3' ],
47 silly audit   'is-number': [ '7.0.0' ],
47 silly audit   'is-number-object': [ '1.1.1' ],
47 silly audit   'is-regex': [ '1.2.1' ],
47 silly audit   'is-set': [ '2.0.3' ],
47 silly audit   'is-shared-array-buffer': [ '1.0.4' ],
47 silly audit   'is-string': [ '1.1.1' ],
47 silly audit   'is-symbol': [ '1.1.1' ],
47 silly audit   'is-typed-array': [ '1.1.15' ],
47 silly audit   'is-weakmap': [ '2.0.2' ],
47 silly audit   'is-weakref': [ '1.1.1' ],
47 silly audit   'is-weakset': [ '2.0.4' ],
47 silly audit   isarray: [ '2.0.5' ],
47 silly audit   isexe: [ '2.0.0' ],
47 silly audit   'iterator.prototype': [ '1.1.5' ],
47 silly audit   jiti: [ '2.6.1' ],
47 silly audit   'js-tokens': [ '4.0.0' ],
47 silly audit   'js-yaml': [ '4.1.1' ],
47 silly audit   jsesc: [ '3.1.0' ],
47 silly audit   'json-buffer': [ '3.0.1' ],
47 silly audit   'json-schema-traverse': [ '0.4.1' ],
47 silly audit   'json-stable-stringify-without-jsonify': [ '1.0.1' ],
47 silly audit   json5: [ '2.2.3', '1.0.2' ],
47 silly audit   'jsx-ast-utils': [ '3.3.5' ],
47 silly audit   keyv: [ '4.5.4' ],
47 silly audit   'language-subtag-registry': [ '0.3.23' ],
47 silly audit   'language-tags': [ '1.0.9' ],
47 silly audit   levn: [ '0.4.1' ],
47 silly audit   lightningcss: [ '1.30.2' ],
47 silly audit   'lightningcss-android-arm64': [ '1.30.2' ],
47 silly audit   'lightningcss-darwin-arm64': [ '1.30.2' ],
47 silly audit   'lightningcss-darwin-x64': [ '1.30.2' ],
47 silly audit   'lightningcss-freebsd-x64': [ '1.30.2' ],
47 silly audit   'lightningcss-linux-arm-gnueabihf': [ '1.30.2' ],
47 silly audit   'lightningcss-linux-arm64-gnu': [ '1.30.2' ],
47 silly audit   'lightningcss-linux-arm64-musl': [ '1.30.2' ],
47 silly audit   'lightningcss-linux-x64-gnu': [ '1.30.2' ],
47 silly audit   'lightningcss-linux-x64-musl': [ '1.30.2' ],
47 silly audit   'lightningcss-win32-arm64-msvc': [ '1.30.2' ],
47 silly audit   'lightningcss-win32-x64-msvc': [ '1.30.2' ],
47 silly audit   'locate-path': [ '6.0.0' ],
47 silly audit   'lodash.merge': [ '4.6.2' ],
47 silly audit   'loose-envify': [ '1.4.0' ],
47 silly audit   'lru-cache': [ '5.1.1' ],
47 silly audit   'magic-string': [ '0.30.21' ],
47 silly audit   'math-intrinsics': [ '1.1.0' ],
47 silly audit   merge2: [ '1.4.1' ],
47 silly audit   micromatch: [ '4.0.8' ],
47 silly audit   minimist: [ '1.2.8' ],
47 silly audit   ms: [ '2.1.3' ],
47 silly audit   nanoid: [ '3.3.11' ],
47 silly audit   'napi-postinstall': [ '0.3.4' ],
47 silly audit   'natural-compare': [ '1.4.0' ],
47 silly audit   next: [ '16.1.1' ],
47 silly audit   postcss: [ '8.4.31', '8.5.6' ],
47 silly audit   'node-releases': [ '2.0.27' ],
47 silly audit   'object-assign': [ '4.1.1' ],
47 silly audit   'object-inspect': [ '1.13.4' ],
47 silly audit   'object-keys': [ '1.1.1' ],
47 silly audit   'object.assign': [ '4.1.7' ],
47 silly audit   'object.entries': [ '1.1.9' ],
47 silly audit   'object.fromentries': [ '2.0.8' ],
47 silly audit   'object.groupby': [ '1.0.3' ],
47 silly audit   'object.values': [ '1.2.1' ],
47 silly audit   optionator: [ '0.9.4' ],
47 silly audit   'own-keys': [ '1.0.1' ],
47 silly audit   'p-limit': [ '3.1.0' ],
47 silly audit   'p-locate': [ '5.0.0' ],
47 silly audit   'parent-module': [ '1.0.1' ],
47 silly audit   'path-exists': [ '4.0.0' ],
47 silly audit   'path-key': [ '3.1.1' ],
47 silly audit   'path-parse': [ '1.0.7' ],
47 silly audit   picocolors: [ '1.1.1' ],
47 silly audit   picomatch: [ '2.3.1', '4.0.3' ],
47 silly audit   'possible-typed-array-names': [ '1.1.0' ],
47 silly audit   'prelude-ls': [ '1.2.1' ],
47 silly audit   'prop-types': [ '15.8.1' ],
47 silly audit   punycode: [ '2.3.1' ],
47 silly audit   'queue-microtask': [ '1.2.3' ],
47 silly audit   react: [ '19.2.3' ],
47 silly audit   'react-dom': [ '19.2.3' ],
47 silly audit   'react-is': [ '16.13.1' ],
47 silly audit   'reflect.getprototypeof': [ '1.0.10' ],
47 silly audit   'regexp.prototype.flags': [ '1.5.4' ],
47 silly audit   'resolve-from': [ '4.0.0' ],
47 silly audit   'resolve-pkg-maps': [ '1.0.0' ],
47 silly audit   reusify: [ '1.1.0' ],
47 silly audit   'run-parallel': [ '1.2.0' ],
47 silly audit   'safe-array-concat': [ '1.1.3' ],
47 silly audit   'safe-push-apply': [ '1.0.0' ],
47 silly audit   'safe-regex-test': [ '1.1.0' ],
47 silly audit   scheduler: [ '0.27.0' ],
47 silly audit   'set-function-length': [ '1.2.2' ],
47 silly audit   'set-function-name': [ '2.0.2' ],
47 silly audit   'set-proto': [ '1.0.0' ],
47 silly audit   sharp: [ '0.34.5' ],
47 silly audit   'shebang-command': [ '2.0.0' ],
47 silly audit   'shebang-regex': [ '3.0.0' ],
47 silly audit   'side-channel': [ '1.1.0' ],
47 silly audit   'side-channel-list': [ '1.0.0' ],
47 silly audit   'side-channel-map': [ '1.0.1' ],
47 silly audit   'side-channel-weakmap': [ '1.0.2' ],
47 silly audit   'source-map-js': [ '1.2.1' ],
47 silly audit   'stable-hash': [ '0.0.5' ],
47 silly audit   'stop-iteration-iterator': [ '1.1.0' ],
47 silly audit   'string.prototype.includes': [ '2.0.1' ],
47 silly audit   'string.prototype.matchall': [ '4.0.12' ],
47 silly audit   'string.prototype.repeat': [ '1.0.0' ],
47 silly audit   'string.prototype.trim': [ '1.2.10' ],
47 silly audit   'string.prototype.trimend': [ '1.0.9' ],
47 silly audit   'string.prototype.trimstart': [ '1.0.8' ],
47 silly audit   'strip-bom': [ '3.0.0' ],
47 silly audit   'strip-json-comments': [ '3.1.1' ],
47 silly audit   'styled-jsx': [ '5.1.6' ],
47 silly audit   'supports-color': [ '7.2.0' ],
47 silly audit   'supports-preserve-symlinks-flag': [ '1.0.0' ],
47 silly audit   tailwindcss: [ '4.1.18' ],
47 silly audit   tapable: [ '2.3.0' ],
47 silly audit   tinyglobby: [ '0.2.15' ],
47 silly audit   fdir: [ '6.5.0' ],
47 silly audit   'to-regex-range': [ '5.0.1' ],
47 silly audit   'ts-api-utils': [ '2.4.0' ],
47 silly audit   'tsconfig-paths': [ '3.15.0' ],
47 silly audit   tslib: [ '2.8.1' ],
47 silly audit   'type-check': [ '0.4.0' ],
47 silly audit   'typed-array-buffer': [ '1.0.3' ],
47 silly audit   'typed-array-byte-length': [ '1.0.3' ],
47 silly audit   'typed-array-byte-offset': [ '1.0.4' ],
47 silly audit   'typed-array-length': [ '1.0.7' ],
47 silly audit   typescript: [ '5.9.3' ],
47 silly audit   'typescript-eslint': [ '8.53.0' ],
47 silly audit   'unbox-primitive': [ '1.1.0' ],
47 silly audit   'undici-types': [ '6.21.0' ],
47 silly audit   'unrs-resolver': [ '1.11.1' ],
47 silly audit   'update-browserslist-db': [ '1.2.3' ],
47 silly audit   'uri-js': [ '4.4.1' ],
47 silly audit   which: [ '2.0.2' ],
47 silly audit   'which-boxed-primitive': [ '1.1.1' ],
47 silly audit   'which-builtin-type': [ '1.2.1' ],
47 silly audit   'which-collection': [ '1.0.2' ],
47 silly audit   'which-typed-array': [ '1.1.19' ],
47 silly audit   'word-wrap': [ '1.2.5' ],
47 silly audit   yallist: [ '3.1.1' ],
47 silly audit   'yocto-queue': [ '0.1.0' ],
47 silly audit   zod: [ '4.3.5' ],
47 silly audit   'zod-validation-error': [ '4.0.2' ],
47 silly audit   'framer-motion': [ '12.26.2' ],
47 silly audit   'lucide-react': [ '0.562.0' ],
47 silly audit   'motion-dom': [ '12.26.2' ],
47 silly audit   'motion-utils': [ '12.24.10' ]
47 silly audit }
48 http cache motion-utils@https://registry.npmjs.org/motion-utils/-/motion-utils-12.24.10.tgz 0ms (cache hit)
49 http cache framer-motion@https://registry.npmjs.org/framer-motion/-/framer-motion-12.26.2.tgz 0ms (cache hit)
50 http cache lucide-react@https://registry.npmjs.org/lucide-react/-/lucide-react-0.562.0.tgz 0ms (cache hit)
51 silly tarball no local data for motion-utils@https://registry.npmjs.org/motion-utils/-/motion-utils-12.24.10.tgz. Extracting by manifest.
52 silly tarball no local data for framer-motion@https://registry.npmjs.org/framer-motion/-/framer-motion-12.26.2.tgz. Extracting by manifest.
53 silly tarball no local data for lucide-react@https://registry.npmjs.org/lucide-react/-/lucide-react-0.562.0.tgz. Extracting by manifest.
54 http cache motion-dom@https://registry.npmjs.org/motion-dom/-/motion-dom-12.26.2.tgz 0ms (cache hit)
55 silly tarball no local data for motion-dom@https://registry.npmjs.org/motion-dom/-/motion-dom-12.26.2.tgz. Extracting by manifest.
56 http fetch GET 200 https://registry.npmjs.org/motion-utils/-/motion-utils-12.24.10.tgz 127ms (cache miss)
57 http fetch POST 200 https://registry.npmjs.org/-/npm/v1/security/advisories/bulk 274ms
58 silly audit report {}
59 http fetch GET 200 https://registry.npmjs.org/framer-motion/-/framer-motion-12.26.2.tgz 609ms (cache miss)
60 http fetch GET 200 https://registry.npmjs.org/motion-dom/-/motion-dom-12.26.2.tgz 1089ms (cache miss)
61 http fetch GET 200 https://registry.npmjs.org/lucide-react/-/lucide-react-0.562.0.tgz 1531ms (cache miss)
62 silly ADD node_modules/motion-utils
63 silly ADD node_modules/motion-dom
64 silly ADD node_modules/lucide-react
65 silly ADD node_modules/framer-motion
66 verbose cwd /Users/martinbanaria/sunshareproject/sunshareenergyph
67 verbose os Darwin 24.6.0
68 verbose node v24.11.0
69 verbose npm  v11.6.1
70 verbose exit 0
71 info ok
