0 verbose cli /usr/local/bin/node /usr/local/lib/node_modules/npm/bin/npm-cli.js
1 info using npm@11.6.1
2 info using node@v24.11.0
3 silly config load:file:/usr/local/lib/node_modules/npm/npmrc
4 silly config load:file:/Users/martinbanaria/.npmrc
5 silly config load:file:/usr/local/etc/npmrc
6 verbose title npm exec create-next-app@latest . --typescript --tailwind --eslint --app --src-dir --import-alias @/* --use-npm --no-turbopack
7 verbose argv "exec" "--" "create-next-app@latest" "." "--typescript" "--tailwind" "--eslint" "--app" "--src-dir" "--import-alias" "@/*" "--use-npm" "--no-turbopack"
8 verbose logfile logs-max:10 dir:/Users/martinbanaria/sunshareproject/sunshareenergyph/.npm-cache/_logs/2026-01-13T13_40_49_135Z-
9 verbose logfile /Users/martinbanaria/sunshareproject/sunshareenergyph/.npm-cache/_logs/2026-01-13T13_40_49_135Z-debug-0.log
10 silly logfile done cleaning log files
11 silly packumentCache heap:2348810240 maxSize:587202560 maxEntrySize:293601280
12 http fetch GET 200 https://registry.npmjs.org/npm 4770ms
13 http fetch GET 200 https://registry.npmjs.org/create-next-app 4968ms (cache miss)
14 silly packumentCache heap:2348810240 maxSize:587202560 maxEntrySize:293601280
15 silly packumentCache heap:2348810240 maxSize:587202560 maxEntrySize:293601280
16 warn exec The following package was not found and will be installed: create-next-app@16.1.1
17 silly idealTree buildDeps
18 silly fetch manifest create-next-app@16.1.1
19 silly packumentCache full:https://registry.npmjs.org/create-next-app cache-miss
20 http fetch GET 200 https://registry.npmjs.org/create-next-app 1545ms (cache miss)
21 silly packumentCache full:https://registry.npmjs.org/create-next-app set size:undefined disposed:false
22 silly placeDep ROOT create-next-app@16.1.1 OK for:  want: 16.1.1
23 silly reify moves {}
24 silly audit bulk request { 'create-next-app': [ '16.1.1' ] }
25 http cache create-next-app@https://registry.npmjs.org/create-next-app/-/create-next-app-16.1.1.tgz 0ms (cache hit)
26 silly tarball no local data for create-next-app@https://registry.npmjs.org/create-next-app/-/create-next-app-16.1.1.tgz. Extracting by manifest.
27 http fetch POST 200 https://registry.npmjs.org/-/npm/v1/security/advisories/bulk 441ms
28 silly audit report {}
29 http fetch GET 200 https://registry.npmjs.org/create-next-app/-/create-next-app-16.1.1.tgz 698ms (cache miss)
30 verbose cwd /Users/martinbanaria/sunshareproject/sunshareenergyph
31 verbose os Darwin 24.6.0
32 verbose node v24.11.0
33 verbose npm  v11.6.1
34 notice
34 notice New minor version of npm available! 11.6.1 -> 11.7.0
34 notice Changelog: https://github.com/npm/cli/releases/tag/v11.7.0
34 notice To update run: npm install -g npm@11.7.0
34 notice  { force: true, Symbol(proc-log.meta): true }
35 verbose exit 1
36 verbose code 1
